app/build/intermediates/manifest_merge_blame_file/release/manifest-merger-blame-release-report.txt
1<?xml version="1.0" encoding="utf-8"?>
2<manifest xmlns:android="http://schemas.android.com/apk/res/android"
3    xmlns:dist="http://schemas.android.com/apk/distribution"
4    package="com.humbhi.blackbox"
5    android:versionCode="126"
6    android:versionName="1.2.2" >
7
8    <uses-sdk
9        android:minSdkVersion="21"
9-->src\main\AndroidManifest.xml
10        android:targetSdkVersion="33" />
10-->src\main\AndroidManifest.xml
11
12    <dist:module dist:instant="true" />
12-->src\main\AndroidManifest.xml:7:5-40
12-->src\main\AndroidManifest.xml:7:18-37
13
14    <uses-permission android:name="android.permission.INTERNET" />
14-->src\main\AndroidManifest.xml:8:5-67
14-->src\main\AndroidManifest.xml:8:22-64
15    <uses-permission android:name="android.permission.WAKE_LOCK" />
15-->src\main\AndroidManifest.xml:9:5-68
15-->src\main\AndroidManifest.xml:9:22-65
16    <uses-permission android:name="android.permission.READ_PHONE_STATE" />
16-->src\main\AndroidManifest.xml:10:5-75
16-->src\main\AndroidManifest.xml:10:22-72
17    <uses-permission android:name="android.permission.ACCESS_NETWORK_STATE" />
17-->src\main\AndroidManifest.xml:11:5-79
17-->src\main\AndroidManifest.xml:11:22-76
18    <uses-permission android:name="android.permission.ACCESS_COARSE_LOCATION" />
18-->src\main\AndroidManifest.xml:12:5-81
18-->src\main\AndroidManifest.xml:12:22-78
19    <uses-permission android:name="android.permission.ACCESS_FINE_LOCATION" />
19-->src\main\AndroidManifest.xml:13:5-79
19-->src\main\AndroidManifest.xml:13:22-76
20    <uses-permission android:name="android.permission.POST_NOTIFICATIONS" />
20-->src\main\AndroidManifest.xml:14:5-77
20-->src\main\AndroidManifest.xml:14:22-74
21    <uses-permission android:name="android.permission.FOREGROUND_SERVICE" />
21-->src\main\AndroidManifest.xml:15:5-77
21-->src\main\AndroidManifest.xml:15:22-74
22    <uses-permission android:name="android.permission.SCHEDULE_EXACT_ALARM" /> <!-- Required by older versions of Google Play services to create IID tokens -->
22-->[com.github.hannesa2:paho.mqtt.android:3.3.5] AndroidManifest.xml:11:5-79
22-->[com.github.hannesa2:paho.mqtt.android:3.3.5] AndroidManifest.xml:11:22-76
23    <uses-permission android:name="com.google.android.c2dm.permission.RECEIVE" />
23-->[com.google.firebase:firebase-messaging:23.1.0] AndroidManifest.xml:28:5-82
23-->[com.google.firebase:firebase-messaging:23.1.0] AndroidManifest.xml:28:22-79
24
25    <uses-feature
25-->[com.google.android.gms:play-services-maps:18.0.0] AndroidManifest.xml:26:5-28:35
26        android:glEsVersion="0x00020000"
26-->[com.google.android.gms:play-services-maps:18.0.0] AndroidManifest.xml:27:9-41
27        android:required="true" />
27-->[com.google.android.gms:play-services-maps:18.0.0] AndroidManifest.xml:28:9-32
28
29    <queries>
29-->[com.google.android.gms:play-services-maps:18.0.0] AndroidManifest.xml:30:5-34:15
30
31        <!-- Needs to be explicitly declared on Android R+ -->
32        <package android:name="com.google.android.apps.maps" />
32-->[com.google.android.gms:play-services-maps:18.0.0] AndroidManifest.xml:33:9-64
32-->[com.google.android.gms:play-services-maps:18.0.0] AndroidManifest.xml:33:18-61
33    </queries>
34
35    <uses-permission android:name="com.google.android.gms.permission.AD_ID" />
35-->[com.google.android.gms:play-services-measurement-api:21.2.0] AndroidManifest.xml:25:5-79
35-->[com.google.android.gms:play-services-measurement-api:21.2.0] AndroidManifest.xml:25:22-76
36    <uses-permission android:name="com.google.android.finsky.permission.BIND_GET_INSTALL_REFERRER_SERVICE" />
36-->[com.google.android.gms:play-services-measurement:21.2.0] AndroidManifest.xml:26:5-110
36-->[com.google.android.gms:play-services-measurement:21.2.0] AndroidManifest.xml:26:22-107
37    <uses-permission android:name="android.permission.RECEIVE_BOOT_COMPLETED" />
37-->[androidx.work:work-runtime:2.8.1] AndroidManifest.xml:25:5-81
37-->[androidx.work:work-runtime:2.8.1] AndroidManifest.xml:25:22-78
38
39    <permission
39-->[androidx.core:core:1.9.0] AndroidManifest.xml:22:5-24:47
40        android:name="com.humbhi.blackbox.DYNAMIC_RECEIVER_NOT_EXPORTED_PERMISSION"
40-->[androidx.core:core:1.9.0] AndroidManifest.xml:23:9-81
41        android:protectionLevel="signature" />
41-->[androidx.core:core:1.9.0] AndroidManifest.xml:24:9-44
42
43    <uses-permission android:name="com.humbhi.blackbox.DYNAMIC_RECEIVER_NOT_EXPORTED_PERMISSION" />
43-->[androidx.core:core:1.9.0] AndroidManifest.xml:26:5-97
43-->[androidx.core:core:1.9.0] AndroidManifest.xml:26:22-94
44
45    <application
45-->src\main\AndroidManifest.xml:17:5-405:19
46        android:name="com.humbhi.blackbox.ui.MyApplication"
46-->src\main\AndroidManifest.xml:18:9-41
47        android:allowBackup="true"
47-->src\main\AndroidManifest.xml:19:9-35
48        android:appComponentFactory="androidx.core.app.CoreComponentFactory"
48-->[androidx.core:core:1.9.0] AndroidManifest.xml:28:18-86
49        android:dataExtractionRules="@xml/data_extraction_rules"
49-->src\main\AndroidManifest.xml:20:9-65
50        android:fullBackupContent="@xml/backup_rules"
50-->src\main\AndroidManifest.xml:21:9-54
51        android:icon="@drawable/black_box"
51-->src\main\AndroidManifest.xml:22:9-43
52        android:label="@string/app_name"
52-->src\main\AndroidManifest.xml:23:9-41
53        android:largeHeap="true"
53-->src\main\AndroidManifest.xml:24:9-33
54        android:roundIcon="@drawable/black_box"
54-->src\main\AndroidManifest.xml:25:9-48
55        android:supportsRtl="true"
55-->src\main\AndroidManifest.xml:26:9-35
56        android:theme="@style/Theme.Blackbox"
56-->src\main\AndroidManifest.xml:27:9-46
57        android:usesCleartextTraffic="true" >
57-->src\main\AndroidManifest.xml:28:9-44
58        <activity
58-->src\main\AndroidManifest.xml:30:9-32:40
59            android:name="com.humbhi.blackbox.ui.ui.settings.ChnageVehicleDetailsActivity"
59-->src\main\AndroidManifest.xml:31:13-72
60            android:exported="false" />
60-->src\main\AndroidManifest.xml:32:13-37
61        <activity
61-->src\main\AndroidManifest.xml:33:9-36:52
62            android:name="com.humbhi.blackbox.ui.ui.routePlayback.NewRoutePlayBack"
62-->src\main\AndroidManifest.xml:34:13-65
63            android:exported="false"
63-->src\main\AndroidManifest.xml:35:13-37
64            android:screenOrientation="portrait" />
64-->src\main\AndroidManifest.xml:36:13-49
65        <activity
65-->src\main\AndroidManifest.xml:37:9-40:52
66            android:name="com.humbhi.blackbox.ui.ui.drivingBehaviour.overspeed.OverspeedDetailActivity"
66-->src\main\AndroidManifest.xml:38:13-85
67            android:exported="false"
67-->src\main\AndroidManifest.xml:39:13-37
68            android:screenOrientation="portrait" />
68-->src\main\AndroidManifest.xml:40:13-49
69        <activity
69-->src\main\AndroidManifest.xml:41:9-44:52
70            android:name="com.humbhi.blackbox.ui.ui.drivingBehaviour.overspeed.OverspeedDBActivity"
70-->src\main\AndroidManifest.xml:42:13-81
71            android:exported="false"
71-->src\main\AndroidManifest.xml:43:13-37
72            android:screenOrientation="portrait" />
72-->src\main\AndroidManifest.xml:44:13-49
73        <activity
73-->src\main\AndroidManifest.xml:45:9-48:52
74            android:name="com.humbhi.blackbox.ui.ui.reports.stoppagereport.stoppagesdetails.StoppagesDetailActivity"
74-->src\main\AndroidManifest.xml:46:13-98
75            android:exported="false"
75-->src\main\AndroidManifest.xml:47:13-37
76            android:screenOrientation="portrait" />
76-->src\main\AndroidManifest.xml:48:13-49
77        <activity
77-->src\main\AndroidManifest.xml:49:9-52:52
78            android:name="com.humbhi.blackbox.ui.ui.fms.AddDocumentActivity"
78-->src\main\AndroidManifest.xml:50:13-58
79            android:exported="false"
79-->src\main\AndroidManifest.xml:51:13-37
80            android:screenOrientation="portrait" />
80-->src\main\AndroidManifest.xml:52:13-49
81        <activity
81-->src\main\AndroidManifest.xml:53:9-56:52
82            android:name="com.humbhi.blackbox.ui.ui.fms.DocumnetRemindersDetails"
82-->src\main\AndroidManifest.xml:54:13-63
83            android:exported="false"
83-->src\main\AndroidManifest.xml:55:13-37
84            android:screenOrientation="portrait" />
84-->src\main\AndroidManifest.xml:56:13-49
85        <activity
85-->src\main\AndroidManifest.xml:57:9-60:52
86            android:name="com.humbhi.blackbox.ui.ui.login.ChangePassword.ChangePasswordActivity"
86-->src\main\AndroidManifest.xml:58:13-78
87            android:exported="false"
87-->src\main\AndroidManifest.xml:59:13-37
88            android:screenOrientation="portrait" />
88-->src\main\AndroidManifest.xml:60:13-49
89        <activity
89-->src\main\AndroidManifest.xml:61:9-64:52
90            android:name="com.humbhi.blackbox.ui.ui.fms.DocumentReminder"
90-->src\main\AndroidManifest.xml:62:13-55
91            android:exported="false"
91-->src\main\AndroidManifest.xml:63:13-37
92            android:screenOrientation="portrait" />
92-->src\main\AndroidManifest.xml:64:13-49
93        <activity
93-->src\main\AndroidManifest.xml:65:9-68:52
94            android:name="com.humbhi.blackbox.ui.ui.fms.VehicleManagementActivity"
94-->src\main\AndroidManifest.xml:66:13-64
95            android:exported="false"
95-->src\main\AndroidManifest.xml:67:13-37
96            android:screenOrientation="portrait" />
96-->src\main\AndroidManifest.xml:68:13-49
97        <activity
97-->src\main\AndroidManifest.xml:69:9-72:52
98            android:name="com.humbhi.blackbox.ui.ui.fms.FMSActivity"
98-->src\main\AndroidManifest.xml:70:13-50
99            android:exported="false"
99-->src\main\AndroidManifest.xml:71:13-37
100            android:screenOrientation="portrait" />
100-->src\main\AndroidManifest.xml:72:13-49
101        <activity
101-->src\main\AndroidManifest.xml:73:9-76:52
102            android:name="com.humbhi.blackbox.ui.ui.livetracking.LocateMyVehicle"
102-->src\main\AndroidManifest.xml:74:13-63
103            android:exported="false"
103-->src\main\AndroidManifest.xml:75:13-37
104            android:screenOrientation="portrait" />
104-->src\main\AndroidManifest.xml:76:13-49
105        <activity
105-->src\main\AndroidManifest.xml:77:9-80:52
106            android:name="com.humbhi.blackbox.ui.ui.banner.BillBanner"
106-->src\main\AndroidManifest.xml:78:13-52
107            android:exported="false"
107-->src\main\AndroidManifest.xml:79:13-37
108            android:screenOrientation="portrait" />
108-->src\main\AndroidManifest.xml:80:13-49
109        <activity
109-->src\main\AndroidManifest.xml:81:9-84:52
110            android:name="com.humbhi.blackbox.ui.ui.drivingBehaviour.DriverToDriverComparison.DriverToDriverComparisonActivity"
110-->src\main\AndroidManifest.xml:82:13-109
111            android:exported="false"
111-->src\main\AndroidManifest.xml:83:13-37
112            android:screenOrientation="portrait" />
112-->src\main\AndroidManifest.xml:84:13-49
113        <activity
113-->src\main\AndroidManifest.xml:85:9-88:52
114            android:name="com.humbhi.blackbox.ui.ui.drivingBehaviour.DriverMonthlyComparison.DriverMonthlyComparison"
114-->src\main\AndroidManifest.xml:86:13-99
115            android:exported="false"
115-->src\main\AndroidManifest.xml:87:13-37
116            android:screenOrientation="portrait" />
116-->src\main\AndroidManifest.xml:88:13-49
117        <activity
117-->src\main\AndroidManifest.xml:89:9-92:52
118            android:name="com.humbhi.blackbox.ui.ui.drivingBehaviour.NoDrivingReport.NoDrivingReportActivity"
118-->src\main\AndroidManifest.xml:90:13-91
119            android:exported="false"
119-->src\main\AndroidManifest.xml:91:13-37
120            android:screenOrientation="portrait" />
120-->src\main\AndroidManifest.xml:92:13-49
121        <activity
121-->src\main\AndroidManifest.xml:93:9-96:52
122            android:name="com.humbhi.blackbox.ui.ui.drivingBehaviour.DrivingLimit.DrivingLimitActivity"
122-->src\main\AndroidManifest.xml:94:13-85
123            android:exported="false"
123-->src\main\AndroidManifest.xml:95:13-37
124            android:screenOrientation="portrait" />
124-->src\main\AndroidManifest.xml:96:13-49
125        <activity
125-->src\main\AndroidManifest.xml:97:9-100:52
126            android:name="com.humbhi.blackbox.ui.ui.drivingBehaviour.driverClassificationReports.SafeDriversActivity"
126-->src\main\AndroidManifest.xml:98:13-99
127            android:exported="false"
127-->src\main\AndroidManifest.xml:99:13-37
128            android:screenOrientation="portrait" />
128-->src\main\AndroidManifest.xml:100:13-49
129        <activity
129-->src\main\AndroidManifest.xml:101:9-104:52
130            android:name="com.humbhi.blackbox.ui.ui.drivingBehaviour.consolidateReport.consolidateVoilationDetails.ConsolidateVoilationDetails"
130-->src\main\AndroidManifest.xml:102:13-125
131            android:exported="false"
131-->src\main\AndroidManifest.xml:103:13-37
132            android:screenOrientation="portrait" />
132-->src\main\AndroidManifest.xml:104:13-49
133        <activity
133-->src\main\AndroidManifest.xml:105:9-108:52
134            android:name="com.humbhi.blackbox.ui.ui.drivingBehaviour.consolidateReport.DrBehavConsolidateReportActivity"
134-->src\main\AndroidManifest.xml:106:13-102
135            android:exported="false"
135-->src\main\AndroidManifest.xml:107:13-37
136            android:screenOrientation="portrait" />
136-->src\main\AndroidManifest.xml:108:13-49
137        <activity
137-->src\main\AndroidManifest.xml:109:9-112:52
138            android:name="com.humbhi.blackbox.ui.ui.ais140.AIS140VehicleActivity"
138-->src\main\AndroidManifest.xml:110:13-63
139            android:exported="false"
139-->src\main\AndroidManifest.xml:111:13-37
140            android:screenOrientation="portrait" />
140-->src\main\AndroidManifest.xml:112:13-49
141        <activity
141-->src\main\AndroidManifest.xml:113:9-116:52
142            android:name="com.humbhi.blackbox.ui.ui.addonReports.workingHour.workingHourDetails.WorkingHourDetailActivity"
142-->src\main\AndroidManifest.xml:114:13-104
143            android:exported="false"
143-->src\main\AndroidManifest.xml:115:13-37
144            android:screenOrientation="portrait" />
144-->src\main\AndroidManifest.xml:116:13-49
145        <activity
145-->src\main\AndroidManifest.xml:117:9-120:52
146            android:name="com.humbhi.blackbox.ui.ui.addonReports.workingHour.WorkingHourReportActivity"
146-->src\main\AndroidManifest.xml:118:13-85
147            android:exported="false"
147-->src\main\AndroidManifest.xml:119:13-37
148            android:screenOrientation="portrait" />
148-->src\main\AndroidManifest.xml:120:13-49
149        <activity
149-->src\main\AndroidManifest.xml:121:9-124:52
150            android:name="com.humbhi.blackbox.ui.ui.addonReports.temperature.tempDetails.TemperatureDetailReport"
150-->src\main\AndroidManifest.xml:122:13-95
151            android:exported="false"
151-->src\main\AndroidManifest.xml:123:13-37
152            android:screenOrientation="portrait" />
152-->src\main\AndroidManifest.xml:124:13-49
153        <activity
153-->src\main\AndroidManifest.xml:125:9-128:52
154            android:name="com.humbhi.blackbox.ui.ui.addonReports.fuel.fuelRodDisconnection.FuelRodDisconnectionActivity"
154-->src\main\AndroidManifest.xml:126:13-102
155            android:exported="false"
155-->src\main\AndroidManifest.xml:127:13-37
156            android:screenOrientation="portrait" />
156-->src\main\AndroidManifest.xml:128:13-49
157        <activity
157-->src\main\AndroidManifest.xml:129:9-132:52
158            android:name="com.humbhi.blackbox.ui.ui.addonReports.immobalize.ImmobilizeActivity"
158-->src\main\AndroidManifest.xml:130:13-77
159            android:exported="false"
159-->src\main\AndroidManifest.xml:131:13-37
160            android:screenOrientation="portrait" />
160-->src\main\AndroidManifest.xml:132:13-49
161        <activity
161-->src\main\AndroidManifest.xml:133:9-136:52
162            android:name="com.humbhi.blackbox.ui.ui.addonReports.fuel.FuelTheftDetail"
162-->src\main\AndroidManifest.xml:134:13-68
163            android:exported="false"
163-->src\main\AndroidManifest.xml:135:13-37
164            android:screenOrientation="portrait" />
164-->src\main\AndroidManifest.xml:136:13-49
165        <activity
165-->src\main\AndroidManifest.xml:137:9-140:52
166            android:name="com.humbhi.blackbox.ui.ui.addonReports.fuel.MultiLineChartActivity"
166-->src\main\AndroidManifest.xml:138:13-75
167            android:exported="false"
167-->src\main\AndroidManifest.xml:139:13-37
168            android:screenOrientation="portrait" />
168-->src\main\AndroidManifest.xml:140:13-49
169        <activity
169-->src\main\AndroidManifest.xml:141:9-144:52
170            android:name="com.humbhi.blackbox.ui.ui.livetracking.LiveCarActivity"
170-->src\main\AndroidManifest.xml:142:13-63
171            android:exported="false"
171-->src\main\AndroidManifest.xml:143:13-37
172            android:screenOrientation="portrait" />
172-->src\main\AndroidManifest.xml:144:13-49
173        <activity
173-->src\main\AndroidManifest.xml:145:9-148:52
174            android:name="com.humbhi.blackbox.ui.ui.drivingBehaviour.rashTurn.RashTurnActivity"
174-->src\main\AndroidManifest.xml:146:13-77
175            android:exported="false"
175-->src\main\AndroidManifest.xml:147:13-37
176            android:screenOrientation="portrait" />
176-->src\main\AndroidManifest.xml:148:13-49
177        <activity
177-->src\main\AndroidManifest.xml:149:9-152:52
178            android:name="com.humbhi.blackbox.ui.ui.drivingBehaviour.DrivingRouteInitialActivity"
178-->src\main\AndroidManifest.xml:150:13-79
179            android:exported="false"
179-->src\main\AndroidManifest.xml:151:13-37
180            android:screenOrientation="portrait" />
180-->src\main\AndroidManifest.xml:152:13-49
181        <activity
181-->src\main\AndroidManifest.xml:153:9-156:52
182            android:name="com.humbhi.blackbox.ui.ui.routePlayback.RoutePlayInitialSelection"
182-->src\main\AndroidManifest.xml:154:13-74
183            android:exported="false"
183-->src\main\AndroidManifest.xml:155:13-37
184            android:screenOrientation="portrait" />
184-->src\main\AndroidManifest.xml:156:13-49
185        <activity
185-->src\main\AndroidManifest.xml:157:9-160:52
186            android:name="com.humbhi.blackbox.ui.ui.livetracking.GLocationOnMap"
186-->src\main\AndroidManifest.xml:158:13-62
187            android:exported="false"
187-->src\main\AndroidManifest.xml:159:13-37
188            android:screenOrientation="portrait" />
188-->src\main\AndroidManifest.xml:160:13-49
189        <activity
189-->src\main\AndroidManifest.xml:161:9-165:52
190            android:name="com.humbhi.blackbox.ui.Utility.InitialActivity"
190-->src\main\AndroidManifest.xml:162:13-55
191            android:exported="false"
191-->src\main\AndroidManifest.xml:163:13-37
192            android:label="@string/app_name"
192-->src\main\AndroidManifest.xml:164:13-45
193            android:screenOrientation="portrait" />
193-->src\main\AndroidManifest.xml:165:13-49
194        <activity
194-->src\main\AndroidManifest.xml:166:9-170:48
195            android:name="com.humbhi.blackbox.ui.Utility.WebViewActivity"
195-->src\main\AndroidManifest.xml:167:13-55
196            android:exported="false"
196-->src\main\AndroidManifest.xml:169:13-37
197            android:label="@string/app_name"
197-->src\main\AndroidManifest.xml:170:13-45
198            android:screenOrientation="portrait" /> <!-- <service android:name="org.eclipse.paho.android.service.MqttService" /> -->
198-->src\main\AndroidManifest.xml:168:13-49
199        <receiver
199-->src\main\AndroidManifest.xml:171:9-177:20
200            android:name="com.humbhi.blackbox.ui.Utility.SmsReceiver"
200-->src\main\AndroidManifest.xml:172:13-51
201            android:exported="true" >
201-->src\main\AndroidManifest.xml:173:13-36
202            <intent-filter>
202-->src\main\AndroidManifest.xml:174:13-176:29
203                <action android:name="android.provider.Telephony.SMS_RECEIVED" />
203-->src\main\AndroidManifest.xml:175:17-82
203-->src\main\AndroidManifest.xml:175:25-79
204            </intent-filter>
205        </receiver>
206
207        <activity
207-->src\main\AndroidManifest.xml:179:9-182:61
208            android:name="com.humbhi.blackbox.ui.Utility.StatusActivity"
208-->src\main\AndroidManifest.xml:180:13-54
209            android:exported="false"
209-->src\main\AndroidManifest.xml:181:13-37
210            android:label="@string/title_activity_status" />
210-->src\main\AndroidManifest.xml:182:13-58
211        <activity
211-->src\main\AndroidManifest.xml:183:9-186:52
212            android:name="com.humbhi.blackbox.ui.ui.drivingBehaviour.harshAccelerationReport.HarshAccelerationActivity"
212-->src\main\AndroidManifest.xml:184:13-101
213            android:exported="false"
213-->src\main\AndroidManifest.xml:185:13-37
214            android:screenOrientation="portrait" />
214-->src\main\AndroidManifest.xml:186:13-49
215        <activity
215-->src\main\AndroidManifest.xml:187:9-190:52
216            android:name="com.humbhi.blackbox.ui.ui.drivingBehaviour.ScoreCard.ScoreCardActivity"
216-->src\main\AndroidManifest.xml:188:13-79
217            android:exported="false"
217-->src\main\AndroidManifest.xml:189:13-37
218            android:screenOrientation="portrait" />
218-->src\main\AndroidManifest.xml:190:13-49
219        <activity
219-->src\main\AndroidManifest.xml:191:9-194:52
220            android:name="com.humbhi.blackbox.ui.ui.drivingBehaviour.harshBreakingReport.HarshBreakingActivity"
220-->src\main\AndroidManifest.xml:192:13-93
221            android:exported="false"
221-->src\main\AndroidManifest.xml:193:13-37
222            android:screenOrientation="portrait" />
222-->src\main\AndroidManifest.xml:194:13-49
223        <activity
223-->src\main\AndroidManifest.xml:195:9-198:52
224            android:name="com.humbhi.blackbox.ui.ui.drivingBehaviour.DrivingBehaviourActivity"
224-->src\main\AndroidManifest.xml:196:13-76
225            android:exported="false"
225-->src\main\AndroidManifest.xml:197:13-37
226            android:screenOrientation="portrait" />
226-->src\main\AndroidManifest.xml:198:13-49
227        <activity
227-->src\main\AndroidManifest.xml:199:9-202:52
228            android:name="com.humbhi.blackbox.ui.ui.settings.SettingsActivity"
228-->src\main\AndroidManifest.xml:200:13-60
229            android:exported="false"
229-->src\main\AndroidManifest.xml:201:13-37
230            android:screenOrientation="portrait" />
230-->src\main\AndroidManifest.xml:202:13-49
231        <activity
231-->src\main\AndroidManifest.xml:203:9-206:51
232            android:name="com.humbhi.blackbox.ui.ui.notification.GNotifications"
232-->src\main\AndroidManifest.xml:204:13-62
233            android:exported="true"
233-->src\main\AndroidManifest.xml:205:13-36
234            android:screenOrientation="portrait" />
234-->src\main\AndroidManifest.xml:206:13-49
235        <activity
235-->src\main\AndroidManifest.xml:207:9-210:52
236            android:name="com.humbhi.blackbox.ui.ui.alerts.BatteryAlert"
236-->src\main\AndroidManifest.xml:208:13-54
237            android:exported="false"
237-->src\main\AndroidManifest.xml:209:13-37
238            android:screenOrientation="portrait" />
238-->src\main\AndroidManifest.xml:210:13-49
239        <activity
239-->src\main\AndroidManifest.xml:211:9-214:52
240            android:name="com.humbhi.blackbox.ui.ui.alerts.OverstopAlert"
240-->src\main\AndroidManifest.xml:212:13-55
241            android:exported="false"
241-->src\main\AndroidManifest.xml:213:13-37
242            android:screenOrientation="portrait" />
242-->src\main\AndroidManifest.xml:214:13-49
243        <activity
243-->src\main\AndroidManifest.xml:215:9-218:52
244            android:name="com.humbhi.blackbox.ui.ui.alerts.OverspeedAlert"
244-->src\main\AndroidManifest.xml:216:13-56
245            android:exported="false"
245-->src\main\AndroidManifest.xml:217:13-37
246            android:screenOrientation="portrait" />
246-->src\main\AndroidManifest.xml:218:13-49
247        <activity
247-->src\main\AndroidManifest.xml:219:9-222:52
248            android:name="com.humbhi.blackbox.ui.ui.alerts.IgnitionAlertSetting"
248-->src\main\AndroidManifest.xml:220:13-62
249            android:exported="false"
249-->src\main\AndroidManifest.xml:221:13-37
250            android:screenOrientation="portrait" />
250-->src\main\AndroidManifest.xml:222:13-49
251        <activity
251-->src\main\AndroidManifest.xml:223:9-226:52
252            android:name="com.humbhi.blackbox.ui.ui.routePlayback.RoutePlaybackSelection"
252-->src\main\AndroidManifest.xml:224:13-71
253            android:exported="false"
253-->src\main\AndroidManifest.xml:225:13-37
254            android:screenOrientation="portrait" />
254-->src\main\AndroidManifest.xml:226:13-49
255        <activity
255-->src\main\AndroidManifest.xml:227:9-230:52
256            android:name="com.humbhi.blackbox.ui.ui.reports.overspeedReport.overSpeedDetail.OverspeedDetailActivity"
256-->src\main\AndroidManifest.xml:228:13-98
257            android:exported="false"
257-->src\main\AndroidManifest.xml:229:13-37
258            android:screenOrientation="portrait" />
258-->src\main\AndroidManifest.xml:230:13-49
259        <activity
259-->src\main\AndroidManifest.xml:231:9-234:52
260            android:name="com.humbhi.blackbox.ui.ui.reports.distanceReport.distanceReportDetail.DistanceReportDetailActivity"
260-->src\main\AndroidManifest.xml:232:13-107
261            android:exported="false"
261-->src\main\AndroidManifest.xml:233:13-37
262            android:screenOrientation="portrait" />
262-->src\main\AndroidManifest.xml:234:13-49
263        <activity
263-->src\main\AndroidManifest.xml:235:9-238:52
264            android:name="com.humbhi.blackbox.ui.ui.geofencing.addFence.AddGeofenceActivity"
264-->src\main\AndroidManifest.xml:236:13-74
265            android:exported="false"
265-->src\main\AndroidManifest.xml:237:13-37
266            android:screenOrientation="portrait" />
266-->src\main\AndroidManifest.xml:238:13-49
267        <activity
267-->src\main\AndroidManifest.xml:239:9-242:52
268            android:name="com.humbhi.blackbox.ui.ui.geofencing.ManageGeofenceActivity"
268-->src\main\AndroidManifest.xml:240:13-68
269            android:exported="false"
269-->src\main\AndroidManifest.xml:241:13-37
270            android:screenOrientation="portrait" />
270-->src\main\AndroidManifest.xml:242:13-49
271        <activity
271-->src\main\AndroidManifest.xml:243:9-246:52
272            android:name="com.humbhi.blackbox.ui.ui.billingPayments.BillAccountActivity"
272-->src\main\AndroidManifest.xml:244:13-70
273            android:exported="false"
273-->src\main\AndroidManifest.xml:245:13-37
274            android:screenOrientation="portrait" />
274-->src\main\AndroidManifest.xml:246:13-49
275        <activity
275-->src\main\AndroidManifest.xml:247:9-250:52
276            android:name="com.humbhi.blackbox.ui.ui.reports.detailSummeryReport.DetailSummeryReportActivity"
276-->src\main\AndroidManifest.xml:248:13-90
277            android:exported="false"
277-->src\main\AndroidManifest.xml:249:13-37
278            android:screenOrientation="portrait" />
278-->src\main\AndroidManifest.xml:250:13-49
279        <activity
279-->src\main\AndroidManifest.xml:251:9-254:52
280            android:name="com.humbhi.blackbox.ui.ui.reports.monthlyReport.MonthlyReportActivity"
280-->src\main\AndroidManifest.xml:252:13-78
281            android:exported="false"
281-->src\main\AndroidManifest.xml:253:13-37
282            android:screenOrientation="portrait" />
282-->src\main\AndroidManifest.xml:254:13-49
283        <activity
283-->src\main\AndroidManifest.xml:255:9-258:52
284            android:name="com.humbhi.blackbox.ui.ui.reports.overstoppageReport.OverstoppageReportActivtiy"
284-->src\main\AndroidManifest.xml:256:13-88
285            android:exported="false"
285-->src\main\AndroidManifest.xml:257:13-37
286            android:screenOrientation="portrait" />
286-->src\main\AndroidManifest.xml:258:13-49
287        <activity
287-->src\main\AndroidManifest.xml:259:9-262:52
288            android:name="com.humbhi.blackbox.ui.ui.reports.overspeedReport.OverspeedReportActivity"
288-->src\main\AndroidManifest.xml:260:13-82
289            android:exported="false"
289-->src\main\AndroidManifest.xml:261:13-37
290            android:screenOrientation="portrait" />
290-->src\main\AndroidManifest.xml:262:13-49
291        <activity
291-->src\main\AndroidManifest.xml:263:9-266:52
292            android:name="com.humbhi.blackbox.ui.ui.alerts.setAlert.SetAlertActivity"
292-->src\main\AndroidManifest.xml:264:13-67
293            android:exported="false"
293-->src\main\AndroidManifest.xml:265:13-37
294            android:screenOrientation="portrait" />
294-->src\main\AndroidManifest.xml:266:13-49
295        <activity
295-->src\main\AndroidManifest.xml:267:9-270:52
296            android:name="com.humbhi.blackbox.ui.ui.alerts.AlertsOnOffSettings"
296-->src\main\AndroidManifest.xml:268:13-61
297            android:exported="false"
297-->src\main\AndroidManifest.xml:269:13-37
298            android:screenOrientation="portrait" />
298-->src\main\AndroidManifest.xml:270:13-49
299        <activity
299-->src\main\AndroidManifest.xml:271:9-274:52
300            android:name="com.humbhi.blackbox.ui.ui.addonReports.temperature.TemperatureSensorReport"
300-->src\main\AndroidManifest.xml:272:13-83
301            android:exported="false"
301-->src\main\AndroidManifest.xml:273:13-37
302            android:screenOrientation="portrait" />
302-->src\main\AndroidManifest.xml:274:13-49
303        <activity
303-->src\main\AndroidManifest.xml:275:9-278:52
304            android:name="com.humbhi.blackbox.ui.ui.addonReports.fuel.FuelDisconnectionReport"